<?xml version="1.0" encoding="UTF-8"?>
<coverage generated="1634654563621" clover="3.2.0">
  <project timestamp="1634654563622" name="All files">
    <metrics statements="8" coveredstatements="7" conditionals="1" coveredconditionals="1" methods="4" coveredmethods="4" elements="13" coveredelements="12" complexity="0" loc="8" ncloc="8" packages="1" files="1" classes="1"/>
    <file name="EventDate.ts" path="/Users/petecampbell/dev/DestinyClanCompanion/src/util/EventDate.ts">
      <metrics statements="8" coveredstatements="7" conditionals="1" coveredconditionals="1" methods="4" coveredmethods="4"/>
      <line num="1" count="1" type="stmt"/>
      <line num="5" count="2" type="stmt"/>
      <line num="9" count="1" type="stmt"/>
      <line num="13" count="2" type="stmt"/>
      <line num="14" count="12" type="cond" truecount="1" falsecount="0"/>
      <line num="15" count="2" type="stmt"/>
      <line num="18" count="0" type="stmt"/>
      <line num="22" count="1" type="stmt"/>
    </file>
  </project>
</coverage>
