{"/Users/petecampbell/dev/DestinyClanCompanion/src/util/EventDate.ts": {"path":"/Users/petecampbell/dev/DestinyClanCompanion/src/util/EventDate.ts","statementMap":{"0":{"start":{"line":5,"column":2},"end":{"line":5,"column":19}},"1":{"start":{"line":9,"column":2},"end":{"line":9,"column":89}},"2":{"start":{"line":13,"column":2},"end":{"line":17,"column":null}},"3":{"start":{"line":13,"column":15},"end":{"line":13,"column":16}},"4":{"start":{"line":14,"column":3},"end":{"line":16,"column":null}},"5":{"start":{"line":15,"column":4},"end":{"line":15,"column":null}},"6":{"start":{"line":18,"column":2},"end":{"line":18,"column":null}},"7":{"start":{"line":22,"column":2},"end":{"line":22,"column":65}},"8":{"start":{"line":1,"column":0},"end":{"line":1,"column":13}}},"fnMap":{"0":{"name":"(anonymous_0)","decl":{"start":{"line":4,"column":1},"end":{"line":4,"column":13}},"loc":{"start":{"line":4,"column":23},"end":{"line":6,"column":2}}},"1":{"name":"(anonymous_1)","decl":{"start":{"line":8,"column":1},"end":{"line":8,"column":13}},"loc":{"start":{"line":8,"column":13},"end":{"line":10,"column":2}}},"2":{"name":"(anonymous_2)","decl":{"start":{"line":12,"column":1},"end":{"line":12,"column":20}},"loc":{"start":{"line":12,"column":20},"end":{"line":19,"column":2}}},"3":{"name":"(anonymous_3)","decl":{"start":{"line":21,"column":1},"end":{"line":21,"column":13}},"loc":{"start":{"line":21,"column":13},"end":{"line":23,"column":2}}}},"branchMap":{"0":{"loc":{"start":{"line":14,"column":3},"end":{"line":16,"column":null}},"type":"if","locations":[{"start":{"line":14,"column":3},"end":{"line":16,"column":null}}]}},"s":{"0":2,"1":1,"2":2,"3":2,"4":12,"5":2,"6":0,"7":1,"8":1},"f":{"0":2,"1":1,"2":2,"3":1},"b":{"0":[2]}}
}
